Classic Timing Analyzer report for full_adder
Fri Mar 13 15:52:46 2015
Quartus II Version 9.1 Build 304 01/25/2010 Service Pack 1 SJ Web Edition


---------------------
; Table of Contents ;
---------------------
  1. Legal Notice
  2. Timing Analyzer Summary
  3. Timing Analyzer Settings
  4. Parallel Compilation
  5. tpd
  6. Timing Analyzer Messages



----------------
; Legal Notice ;
----------------
Copyright (C) 1991-2010 Altera Corporation
Your use of Altera Corporation's design tools, logic functions 
and other software and tools, and its AMPP partner logic 
functions, and any output files from any of the foregoing 
(including device programming or simulation files), and any 
associated documentation or information are expressly subject 
to the terms and conditions of the Altera Program License 
Subscription Agreement, Altera MegaCore Function License 
Agreement, or other applicable license agreement, including, 
without limitation, that your use is for the sole purpose of 
programming logic devices manufactured by Altera and sold by 
Altera or its authorized distributors.  Please refer to the 
applicable agreement for further details.



+----------------------------------------------------------------------------------------------------------------------------+
; Timing Analyzer Summary                                                                                                    ;
+------------------------------+-------+---------------+-------------+------+---------+------------+----------+--------------+
; Type                         ; Slack ; Required Time ; Actual Time ; From ; To      ; From Clock ; To Clock ; Failed Paths ;
+------------------------------+-------+---------------+-------------+------+---------+------------+----------+--------------+
; Worst-case tpd               ; N/A   ; None          ; 15.271 ns   ; a[0] ; car_out ; --         ; --       ; 0            ;
; Total number of failed paths ;       ;               ;             ;      ;         ;            ;          ; 0            ;
+------------------------------+-------+---------------+-------------+------+---------+------------+----------+--------------+


+-----------------------------------------------------------------------------------------------------------------------------------------------------+
; Timing Analyzer Settings                                                                                                                            ;
+------------------------------------------------------------------------------------------------------+--------------------+------+----+-------------+
; Option                                                                                               ; Setting            ; From ; To ; Entity Name ;
+------------------------------------------------------------------------------------------------------+--------------------+------+----+-------------+
; Device Name                                                                                          ; EP2S15F484C3       ;      ;    ;             ;
; Timing Models                                                                                        ; Final              ;      ;    ;             ;
; Default hold multicycle                                                                              ; Same as Multicycle ;      ;    ;             ;
; Cut paths between unrelated clock domains                                                            ; On                 ;      ;    ;             ;
; Cut off read during write signal paths                                                               ; On                 ;      ;    ;             ;
; Cut off feedback from I/O pins                                                                       ; On                 ;      ;    ;             ;
; Report Combined Fast/Slow Timing                                                                     ; Off                ;      ;    ;             ;
; Ignore Clock Settings                                                                                ; Off                ;      ;    ;             ;
; Analyze latches as synchronous elements                                                              ; On                 ;      ;    ;             ;
; Enable Recovery/Removal analysis                                                                     ; Off                ;      ;    ;             ;
; Enable Clock Latency                                                                                 ; Off                ;      ;    ;             ;
; Use TimeQuest Timing Analyzer                                                                        ; Off                ;      ;    ;             ;
; Number of source nodes to report per destination node                                                ; 10                 ;      ;    ;             ;
; Number of destination nodes to report                                                                ; 10                 ;      ;    ;             ;
; Number of paths to report                                                                            ; 200                ;      ;    ;             ;
; Report Minimum Timing Checks                                                                         ; Off                ;      ;    ;             ;
; Use Fast Timing Models                                                                               ; Off                ;      ;    ;             ;
; Report IO Paths Separately                                                                           ; Off                ;      ;    ;             ;
; Perform Multicorner Analysis                                                                         ; On                 ;      ;    ;             ;
; Reports the worst-case path for each clock domain and analysis                                       ; Off                ;      ;    ;             ;
; Reports worst-case timing paths for each clock domain and analysis                                   ; Off                ;      ;    ;             ;
; Specifies the maximum number of worst-case timing paths to report for each clock domain and analysis ; 100                ;      ;    ;             ;
; Removes common clock path pessimism (CCPP) during slack computation                                  ; Off                ;      ;    ;             ;
; Output I/O Timing Endpoint                                                                           ; Near End           ;      ;    ;             ;
+------------------------------------------------------------------------------------------------------+--------------------+------+----+-------------+


Parallel compilation was disabled, but you have multiple processors available. Enable parallel compilation to reduce compilation time.
+-------------------------------------+
; Parallel Compilation                ;
+----------------------------+--------+
; Processors                 ; Number ;
+----------------------------+--------+
; Number detected on machine ; 4      ;
; Maximum allowed            ; 1      ;
+----------------------------+--------+


+------------------------------------------------------------------------------------------------------------------------------------+
; tpd                                                                                                                                ;
+-----------------------------------------+-----------------------------------------------------+-----------------+--------+---------+
; Slack                                   ; Required P2P Time                                   ; Actual P2P Time ; From   ; To      ;
+-----------------------------------------+-----------------------------------------------------+-----------------+--------+---------+
; N/A                                     ; None                                                ; 15.271 ns       ; a[0]   ; car_out ;
; N/A                                     ; None                                                ; 15.076 ns       ; b[0]   ; car_out ;
; N/A                                     ; None                                                ; 14.894 ns       ; car_in ; car_out ;
; N/A                                     ; None                                                ; 14.866 ns       ; a[1]   ; car_out ;
; N/A                                     ; None                                                ; 14.736 ns       ; b[1]   ; car_out ;
; N/A                                     ; None                                                ; 14.500 ns       ; a[3]   ; car_out ;
; N/A                                     ; None                                                ; 14.463 ns       ; b[2]   ; car_out ;
; N/A                                     ; None                                                ; 14.369 ns       ; a[2]   ; car_out ;
; N/A                                     ; None                                                ; 14.350 ns       ; a[0]   ; sum[13] ;
; N/A                                     ; None                                                ; 14.290 ns       ; b[5]   ; car_out ;
; N/A                                     ; None                                                ; 14.273 ns       ; b[3]   ; car_out ;
; N/A                                     ; None                                                ; 14.229 ns       ; a[0]   ; sum[14] ;
; N/A                                     ; None                                                ; 14.155 ns       ; b[0]   ; sum[13] ;
; N/A                                     ; None                                                ; 14.124 ns       ; a[0]   ; sum[11] ;
; N/A                                     ; None                                                ; 14.122 ns       ; a[0]   ; sum[10] ;
; N/A                                     ; None                                                ; 14.034 ns       ; b[0]   ; sum[14] ;
; N/A                                     ; None                                                ; 13.973 ns       ; car_in ; sum[13] ;
; N/A                                     ; None                                                ; 13.945 ns       ; a[1]   ; sum[13] ;
; N/A                                     ; None                                                ; 13.929 ns       ; b[0]   ; sum[11] ;
; N/A                                     ; None                                                ; 13.927 ns       ; b[0]   ; sum[10] ;
; N/A                                     ; None                                                ; 13.852 ns       ; car_in ; sum[14] ;
; N/A                                     ; None                                                ; 13.824 ns       ; a[1]   ; sum[14] ;
; N/A                                     ; None                                                ; 13.815 ns       ; b[1]   ; sum[13] ;
; N/A                                     ; None                                                ; 13.747 ns       ; car_in ; sum[11] ;
; N/A                                     ; None                                                ; 13.745 ns       ; car_in ; sum[10] ;
; N/A                                     ; None                                                ; 13.719 ns       ; a[1]   ; sum[11] ;
; N/A                                     ; None                                                ; 13.717 ns       ; a[1]   ; sum[10] ;
; N/A                                     ; None                                                ; 13.694 ns       ; b[1]   ; sum[14] ;
; N/A                                     ; None                                                ; 13.646 ns       ; a[0]   ; sum[15] ;
; N/A                                     ; None                                                ; 13.599 ns       ; a[0]   ; sum[9]  ;
; N/A                                     ; None                                                ; 13.589 ns       ; b[1]   ; sum[11] ;
; N/A                                     ; None                                                ; 13.587 ns       ; b[1]   ; sum[10] ;
; N/A                                     ; None                                                ; 13.579 ns       ; a[3]   ; sum[13] ;
; N/A                                     ; None                                                ; 13.542 ns       ; b[2]   ; sum[13] ;
; N/A                                     ; None                                                ; 13.458 ns       ; a[3]   ; sum[14] ;
; N/A                                     ; None                                                ; 13.455 ns       ; a[4]   ; car_out ;
; N/A                                     ; None                                                ; 13.451 ns       ; b[0]   ; sum[15] ;
; N/A                                     ; None                                                ; 13.448 ns       ; a[2]   ; sum[13] ;
; N/A                                     ; None                                                ; 13.421 ns       ; b[2]   ; sum[14] ;
; N/A                                     ; None                                                ; 13.404 ns       ; b[0]   ; sum[9]  ;
; N/A                                     ; None                                                ; 13.369 ns       ; b[5]   ; sum[13] ;
; N/A                                     ; None                                                ; 13.353 ns       ; a[3]   ; sum[11] ;
; N/A                                     ; None                                                ; 13.352 ns       ; b[3]   ; sum[13] ;
; N/A                                     ; None                                                ; 13.351 ns       ; a[3]   ; sum[10] ;
; N/A                                     ; None                                                ; 13.328 ns       ; b[4]   ; car_out ;
; N/A                                     ; None                                                ; 13.327 ns       ; a[2]   ; sum[14] ;
; N/A                                     ; None                                                ; 13.316 ns       ; b[2]   ; sum[11] ;
; N/A                                     ; None                                                ; 13.314 ns       ; b[2]   ; sum[10] ;
; N/A                                     ; None                                                ; 13.269 ns       ; car_in ; sum[15] ;
; N/A                                     ; None                                                ; 13.248 ns       ; b[5]   ; sum[14] ;
; N/A                                     ; None                                                ; 13.241 ns       ; a[1]   ; sum[15] ;
; N/A                                     ; None                                                ; 13.231 ns       ; b[3]   ; sum[14] ;
; N/A                                     ; None                                                ; 13.222 ns       ; a[2]   ; sum[11] ;
; N/A                                     ; None                                                ; 13.222 ns       ; car_in ; sum[9]  ;
; N/A                                     ; None                                                ; 13.220 ns       ; a[2]   ; sum[10] ;
; N/A                                     ; None                                                ; 13.194 ns       ; a[1]   ; sum[9]  ;
; N/A                                     ; None                                                ; 13.171 ns       ; b[6]   ; car_out ;
; N/A                                     ; None                                                ; 13.143 ns       ; b[5]   ; sum[11] ;
; N/A                                     ; None                                                ; 13.141 ns       ; b[5]   ; sum[10] ;
; N/A                                     ; None                                                ; 13.133 ns       ; a[5]   ; car_out ;
; N/A                                     ; None                                                ; 13.126 ns       ; b[3]   ; sum[11] ;
; N/A                                     ; None                                                ; 13.124 ns       ; b[3]   ; sum[10] ;
; N/A                                     ; None                                                ; 13.111 ns       ; b[1]   ; sum[15] ;
; N/A                                     ; None                                                ; 13.064 ns       ; b[1]   ; sum[9]  ;
; N/A                                     ; None                                                ; 12.875 ns       ; a[3]   ; sum[15] ;
; N/A                                     ; None                                                ; 12.838 ns       ; b[2]   ; sum[15] ;
; N/A                                     ; None                                                ; 12.828 ns       ; a[3]   ; sum[9]  ;
; N/A                                     ; None                                                ; 12.826 ns       ; a[6]   ; car_out ;
; N/A                                     ; None                                                ; 12.791 ns       ; b[2]   ; sum[9]  ;
; N/A                                     ; None                                                ; 12.744 ns       ; a[2]   ; sum[15] ;
; N/A                                     ; None                                                ; 12.715 ns       ; a[7]   ; car_out ;
; N/A                                     ; None                                                ; 12.697 ns       ; a[2]   ; sum[9]  ;
; N/A                                     ; None                                                ; 12.665 ns       ; b[5]   ; sum[15] ;
; N/A                                     ; None                                                ; 12.648 ns       ; b[3]   ; sum[15] ;
; N/A                                     ; None                                                ; 12.618 ns       ; b[5]   ; sum[9]  ;
; N/A                                     ; None                                                ; 12.601 ns       ; b[3]   ; sum[9]  ;
; N/A                                     ; None                                                ; 12.534 ns       ; a[4]   ; sum[13] ;
; N/A                                     ; None                                                ; 12.474 ns       ; a[0]   ; sum[8]  ;
; N/A                                     ; None                                                ; 12.449 ns       ; b[7]   ; car_out ;
; N/A                                     ; None                                                ; 12.413 ns       ; a[4]   ; sum[14] ;
; N/A                                     ; None                                                ; 12.407 ns       ; b[4]   ; sum[13] ;
; N/A                                     ; None                                                ; 12.386 ns       ; a[9]   ; car_out ;
; N/A                                     ; None                                                ; 12.308 ns       ; a[4]   ; sum[11] ;
; N/A                                     ; None                                                ; 12.306 ns       ; a[4]   ; sum[10] ;
; N/A                                     ; None                                                ; 12.286 ns       ; b[4]   ; sum[14] ;
; N/A                                     ; None                                                ; 12.279 ns       ; b[0]   ; sum[8]  ;
; N/A                                     ; None                                                ; 12.250 ns       ; b[6]   ; sum[13] ;
; N/A                                     ; None                                                ; 12.212 ns       ; a[5]   ; sum[13] ;
; N/A                                     ; None                                                ; 12.181 ns       ; b[4]   ; sum[11] ;
; N/A                                     ; None                                                ; 12.179 ns       ; b[4]   ; sum[10] ;
; N/A                                     ; None                                                ; 12.129 ns       ; b[6]   ; sum[14] ;
; N/A                                     ; None                                                ; 12.097 ns       ; car_in ; sum[8]  ;
; N/A                                     ; None                                                ; 12.091 ns       ; a[5]   ; sum[14] ;
; N/A                                     ; None                                                ; 12.069 ns       ; a[1]   ; sum[8]  ;
; N/A                                     ; None                                                ; 12.024 ns       ; b[6]   ; sum[11] ;
; N/A                                     ; None                                                ; 12.022 ns       ; b[6]   ; sum[10] ;
; N/A                                     ; None                                                ; 12.011 ns       ; a[0]   ; sum[12] ;
; N/A                                     ; None                                                ; 11.986 ns       ; a[5]   ; sum[11] ;
; N/A                                     ; None                                                ; 11.984 ns       ; a[5]   ; sum[10] ;
; N/A                                     ; None                                                ; 11.939 ns       ; b[1]   ; sum[8]  ;
; N/A                                     ; None                                                ; 11.905 ns       ; a[6]   ; sum[13] ;
; N/A                                     ; None                                                ; 11.830 ns       ; a[4]   ; sum[15] ;
; N/A                                     ; None                                                ; 11.816 ns       ; b[0]   ; sum[12] ;
; N/A                                     ; None                                                ; 11.794 ns       ; a[7]   ; sum[13] ;
; N/A                                     ; None                                                ; 11.784 ns       ; a[6]   ; sum[14] ;
; N/A                                     ; None                                                ; 11.783 ns       ; a[4]   ; sum[9]  ;
; N/A                                     ; None                                                ; 11.703 ns       ; b[4]   ; sum[15] ;
; N/A                                     ; None                                                ; 11.703 ns       ; a[3]   ; sum[8]  ;
; N/A                                     ; None                                                ; 11.693 ns       ; a[0]   ; sum[6]  ;
; N/A                                     ; None                                                ; 11.679 ns       ; a[6]   ; sum[11] ;
; N/A                                     ; None                                                ; 11.677 ns       ; a[6]   ; sum[10] ;
; N/A                                     ; None                                                ; 11.673 ns       ; a[7]   ; sum[14] ;
; N/A                                     ; None                                                ; 11.666 ns       ; b[2]   ; sum[8]  ;
; N/A                                     ; None                                                ; 11.656 ns       ; b[4]   ; sum[9]  ;
; N/A                                     ; None                                                ; 11.634 ns       ; car_in ; sum[12] ;
; N/A                                     ; None                                                ; 11.606 ns       ; a[1]   ; sum[12] ;
; N/A                                     ; None                                                ; 11.572 ns       ; a[2]   ; sum[8]  ;
; N/A                                     ; None                                                ; 11.568 ns       ; a[7]   ; sum[11] ;
; N/A                                     ; None                                                ; 11.566 ns       ; a[7]   ; sum[10] ;
; N/A                                     ; None                                                ; 11.546 ns       ; b[6]   ; sum[15] ;
; N/A                                     ; None                                                ; 11.528 ns       ; b[7]   ; sum[13] ;
; N/A                                     ; None                                                ; 11.508 ns       ; a[5]   ; sum[15] ;
; N/A                                     ; None                                                ; 11.499 ns       ; b[6]   ; sum[9]  ;
; N/A                                     ; None                                                ; 11.498 ns       ; b[0]   ; sum[6]  ;
; N/A                                     ; None                                                ; 11.493 ns       ; b[5]   ; sum[8]  ;
; N/A                                     ; None                                                ; 11.476 ns       ; b[1]   ; sum[12] ;
; N/A                                     ; None                                                ; 11.476 ns       ; b[3]   ; sum[8]  ;
; N/A                                     ; None                                                ; 11.470 ns       ; a[11]  ; car_out ;
; N/A                                     ; None                                                ; 11.465 ns       ; a[9]   ; sum[13] ;
; N/A                                     ; None                                                ; 11.461 ns       ; a[5]   ; sum[9]  ;
; N/A                                     ; None                                                ; 11.407 ns       ; b[7]   ; sum[14] ;
; N/A                                     ; None                                                ; 11.344 ns       ; a[9]   ; sum[14] ;
; N/A                                     ; None                                                ; 11.316 ns       ; car_in ; sum[6]  ;
; N/A                                     ; None                                                ; 11.302 ns       ; b[7]   ; sum[11] ;
; N/A                                     ; None                                                ; 11.300 ns       ; b[7]   ; sum[10] ;
; N/A                                     ; None                                                ; 11.288 ns       ; a[1]   ; sum[6]  ;
; N/A                                     ; None                                                ; 11.265 ns       ; b[8]   ; car_out ;
; N/A                                     ; None                                                ; 11.240 ns       ; a[3]   ; sum[12] ;
; N/A                                     ; None                                                ; 11.239 ns       ; a[9]   ; sum[11] ;
; N/A                                     ; None                                                ; 11.237 ns       ; a[9]   ; sum[10] ;
; N/A                                     ; None                                                ; 11.203 ns       ; b[2]   ; sum[12] ;
; N/A                                     ; None                                                ; 11.201 ns       ; a[6]   ; sum[15] ;
; N/A                                     ; None                                                ; 11.182 ns       ; a[0]   ; sum[4]  ;
; N/A                                     ; None                                                ; 11.158 ns       ; b[1]   ; sum[6]  ;
; N/A                                     ; None                                                ; 11.154 ns       ; a[6]   ; sum[9]  ;
; N/A                                     ; None                                                ; 11.118 ns       ; a[8]   ; car_out ;
; N/A                                     ; None                                                ; 11.109 ns       ; a[2]   ; sum[12] ;
; N/A                                     ; None                                                ; 11.090 ns       ; a[7]   ; sum[15] ;
; N/A                                     ; None                                                ; 11.043 ns       ; a[7]   ; sum[9]  ;
; N/A                                     ; None                                                ; 11.030 ns       ; b[5]   ; sum[12] ;
; N/A                                     ; None                                                ; 11.013 ns       ; b[3]   ; sum[12] ;
; N/A                                     ; None                                                ; 10.987 ns       ; b[0]   ; sum[4]  ;
; N/A                                     ; None                                                ; 10.922 ns       ; a[3]   ; sum[6]  ;
; N/A                                     ; None                                                ; 10.918 ns       ; b[9]   ; car_out ;
; N/A                                     ; None                                                ; 10.885 ns       ; b[2]   ; sum[6]  ;
; N/A                                     ; None                                                ; 10.824 ns       ; b[7]   ; sum[15] ;
; N/A                                     ; None                                                ; 10.805 ns       ; car_in ; sum[4]  ;
; N/A                                     ; None                                                ; 10.791 ns       ; a[2]   ; sum[6]  ;
; N/A                                     ; None                                                ; 10.777 ns       ; b[7]   ; sum[9]  ;
; N/A                                     ; None                                                ; 10.777 ns       ; a[1]   ; sum[4]  ;
; N/A                                     ; None                                                ; 10.761 ns       ; a[9]   ; sum[15] ;
; N/A                                     ; None                                                ; 10.712 ns       ; b[5]   ; sum[6]  ;
; N/A                                     ; None                                                ; 10.698 ns       ; b[13]  ; car_out ;
; N/A                                     ; None                                                ; 10.695 ns       ; b[3]   ; sum[6]  ;
; N/A                                     ; None                                                ; 10.658 ns       ; a[4]   ; sum[8]  ;
; N/A                                     ; None                                                ; 10.647 ns       ; a[9]   ; sum[9]  ;
; N/A                                     ; None                                                ; 10.647 ns       ; b[1]   ; sum[4]  ;
; N/A                                     ; None                                                ; 10.643 ns       ; b[10]  ; car_out ;
; N/A                                     ; None                                                ; 10.549 ns       ; a[11]  ; sum[13] ;
; N/A                                     ; None                                                ; 10.531 ns       ; b[4]   ; sum[8]  ;
; N/A                                     ; None                                                ; 10.503 ns       ; a[10]  ; car_out ;
; N/A                                     ; None                                                ; 10.428 ns       ; a[11]  ; sum[14] ;
; N/A                                     ; None                                                ; 10.411 ns       ; a[3]   ; sum[4]  ;
; N/A                                     ; None                                                ; 10.377 ns       ; b[11]  ; car_out ;
; N/A                                     ; None                                                ; 10.374 ns       ; b[6]   ; sum[8]  ;
; N/A                                     ; None                                                ; 10.374 ns       ; b[2]   ; sum[4]  ;
; N/A                                     ; None                                                ; 10.344 ns       ; b[8]   ; sum[13] ;
; N/A                                     ; None                                                ; 10.336 ns       ; a[5]   ; sum[8]  ;
; N/A                                     ; None                                                ; 10.280 ns       ; a[2]   ; sum[4]  ;
; N/A                                     ; None                                                ; 10.270 ns       ; a[15]  ; car_out ;
; N/A                                     ; None                                                ; 10.223 ns       ; b[8]   ; sum[14] ;
; N/A                                     ; None                                                ; 10.197 ns       ; a[8]   ; sum[13] ;
; N/A                                     ; None                                                ; 10.195 ns       ; a[4]   ; sum[12] ;
; N/A                                     ; None                                                ; 10.184 ns       ; b[3]   ; sum[4]  ;
; N/A                                     ; None                                                ; 10.180 ns       ; a[11]  ; sum[11] ;
; N/A                                     ; None                                                ; 10.118 ns       ; b[8]   ; sum[11] ;
; N/A                                     ; None                                                ; 10.116 ns       ; b[8]   ; sum[10] ;
; N/A                                     ; None                                                ; 10.076 ns       ; a[8]   ; sum[14] ;
; N/A                                     ; None                                                ; 10.068 ns       ; b[4]   ; sum[12] ;
; N/A                                     ; None                                                ; 10.066 ns       ; a[12]  ; car_out ;
; N/A                                     ; None                                                ; 10.066 ns       ; a[0]   ; sum[5]  ;
; N/A                                     ; None                                                ; 10.052 ns       ; b[12]  ; car_out ;
; N/A                                     ; None                                                ; 10.029 ns       ; a[6]   ; sum[8]  ;
; N/A                                     ; None                                                ; 9.997 ns        ; b[9]   ; sum[13] ;
; N/A                                     ; None                                                ; 9.971 ns        ; a[8]   ; sum[11] ;
; N/A                                     ; None                                                ; 9.969 ns        ; a[8]   ; sum[10] ;
; N/A                                     ; None                                                ; 9.923 ns        ; b[13]  ; sum[13] ;
; N/A                                     ; None                                                ; 9.921 ns        ; b[13]  ; sum[14] ;
; N/A                                     ; None                                                ; 9.918 ns        ; a[7]   ; sum[8]  ;
; N/A                                     ; None                                                ; 9.911 ns        ; b[6]   ; sum[12] ;
; Timing analysis restricted to 200 rows. ; To change the limit use Settings (Assignments menu) ;                 ;        ;         ;
+-----------------------------------------+-----------------------------------------------------+-----------------+--------+---------+


+--------------------------+
; Timing Analyzer Messages ;
+--------------------------+
Info: *******************************************************************
Info: Running Quartus II Classic Timing Analyzer
    Info: Version 9.1 Build 304 01/25/2010 Service Pack 1 SJ Web Edition
    Info: Processing started: Fri Mar 13 15:52:46 2015
Info: Command: quartus_tan --read_settings_files=off --write_settings_files=off full_adder -c full_adder --timing_analysis_only
Info: Longest tpd from source pin "a[0]" to destination pin "car_out" is 15.271 ns
    Info: 1: + IC(0.000 ns) + CELL(0.830 ns) = 0.830 ns; Loc. = PIN_F22; Fanout = 3; PIN Node = 'a[0]'
    Info: 2: + IC(4.004 ns) + CELL(0.366 ns) = 5.200 ns; Loc. = LCCOMB_X17_Y23_N4; Fanout = 3; COMB Node = 'full_adder_4bit:adder1|full_adder_1bit:adder2|car_out~0'
    Info: 3: + IC(0.250 ns) + CELL(0.346 ns) = 5.796 ns; Loc. = LCCOMB_X17_Y23_N8; Fanout = 3; COMB Node = 'full_adder_4bit:adder1|full_adder_1bit:adder4|car_out~0'
    Info: 4: + IC(0.778 ns) + CELL(0.225 ns) = 6.799 ns; Loc. = LCCOMB_X14_Y26_N22; Fanout = 3; COMB Node = 'full_adder_4bit:adder2|full_adder_1bit:adder2|car_out~0'
    Info: 5: + IC(0.256 ns) + CELL(0.346 ns) = 7.401 ns; Loc. = LCCOMB_X14_Y26_N8; Fanout = 3; COMB Node = 'full_adder_4bit:adder2|full_adder_1bit:adder4|car_out~0'
    Info: 6: + IC(1.327 ns) + CELL(0.225 ns) = 8.953 ns; Loc. = LCCOMB_X33_Y26_N22; Fanout = 4; COMB Node = 'full_adder_4bit:adder3|full_adder_1bit:adder2|car_out~0'
    Info: 7: + IC(0.265 ns) + CELL(0.346 ns) = 9.564 ns; Loc. = LCCOMB_X33_Y26_N2; Fanout = 3; COMB Node = 'full_adder_4bit:adder3|full_adder_1bit:adder4|car_out~0'
    Info: 8: + IC(0.403 ns) + CELL(0.228 ns) = 10.195 ns; Loc. = LCCOMB_X33_Y26_N6; Fanout = 2; COMB Node = 'full_adder_4bit:adder4|full_adder_1bit:adder2|car_out~0'
    Info: 9: + IC(0.261 ns) + CELL(0.366 ns) = 10.822 ns; Loc. = LCCOMB_X33_Y26_N30; Fanout = 1; COMB Node = 'full_adder_4bit:adder4|full_adder_1bit:adder4|car_out~0'
    Info: 10: + IC(2.497 ns) + CELL(1.952 ns) = 15.271 ns; Loc. = PIN_V8; Fanout = 0; PIN Node = 'car_out'
    Info: Total cell delay = 5.230 ns ( 34.25 % )
    Info: Total interconnect delay = 10.041 ns ( 65.75 % )
Info: Quartus II Classic Timing Analyzer was successful. 0 errors, 0 warnings
    Info: Peak virtual memory: 130 megabytes
    Info: Processing ended: Fri Mar 13 15:52:46 2015
    Info: Elapsed time: 00:00:00
    Info: Total CPU time (on all processors): 00:00:00


